[2026-01-07 12:28:23] Returning value: INVOCATION_ID
[2026-01-07 12:28:23] Returning value: 202601071228
[2026-01-07 12:28:23] Returning value: 839a889c-89ed-45a3-b893-56ca31af0bf0
[2026-01-07 12:28:24] Returning value: TRUE
[2026-01-07 12:28:24] Returning value: FALSE
[2026-01-07 12:28:24] Returning value: TRUE
[2026-01-07 12:28:24] Returning value: 1
 [2026-01-07 12:28:24] Returning value: 3
[2026-01-07 12:28:24] Rank info: not available
[2026-01-07 12:28:24] Returning value: TRUE
[2026-01-07 12:28:24] Returning value: 2
 [2026-01-07 12:28:24] Returning value: 3
[2026-01-07 12:28:24] Rank info: not available
[2026-01-07 12:28:24] Returning value: TRUE
[2026-01-07 12:28:24] Returning value: 3
 [2026-01-07 12:28:24] Returning value: 3
[2026-01-07 12:28:24] Rank info: not available
[2026-01-07 12:30:22] Returning value: INVOCATION_ID
[2026-01-07 12:30:22] Returning value: 202601071230
[2026-01-07 12:30:22] Returning value: edbc5385-32cc-460c-b66a-dd71216f91e2
[2026-01-07 12:30:22] Returning value: TRUE
[2026-01-07 12:30:22] Returning value: FALSE
[2026-01-07 12:30:22] Returning value: TRUE
[2026-01-07 12:30:22] Returning value: 1
 [2026-01-07 12:30:22] Returning value: 3
[2026-01-07 12:30:22] Rank info: not available
[2026-01-07 12:30:22] Returning value: TRUE
[2026-01-07 12:30:22] Returning value: 2
 [2026-01-07 12:30:22] Returning value: 3
[2026-01-07 12:30:22] Rank info: not available
[2026-01-07 12:30:22] Returning value: TRUE
[2026-01-07 12:30:22] Returning value: 3
 [2026-01-07 12:30:22] Returning value: 3
[2026-01-07 12:30:22] Rank info: not available
[2026-01-07 12:30:34] Returning value: INVOCATION_ID
[2026-01-07 12:30:34] Returning value: 202601071230
[2026-01-07 12:30:34] Returning value: 781f37dc-b44c-4315-8a10-6f310993d8db
[2026-01-07 12:30:34] Returning value: TRUE
[2026-01-07 12:30:34] Returning value: FALSE
[2026-01-07 12:30:34] Returning value: TRUE
[2026-01-07 12:30:51] Returning value: INVOCATION_ID
[2026-01-07 12:30:51] Returning value: 202601071230
[2026-01-07 12:30:51] Returning value: 419368d5-1da0-413f-8234-3e8c8c53a705
[2026-01-07 12:30:51] Returning value: TRUE
[2026-01-07 12:30:51] Returning value: FALSE
[2026-01-07 12:30:51] Returning value: TRUE
[2026-01-07 12:30:51] Returning value: TRUE
[2026-01-07 12:30:51] Returning value: TRUE
[2026-01-07 12:31:04] Returning value: INVOCATION_ID
[2026-01-07 12:31:04] Returning value: 202601071231
[2026-01-07 12:31:04] Returning value: 0ebf5c2b-a788-40b8-9c55-fc1f40878719
[2026-01-07 12:31:04] Returning value: TRUE
[2026-01-07 12:31:04] Returning value: FALSE
[2026-01-07 12:31:04] Returning value: TRUE
[2026-01-07 12:31:04] Returning value: 1
 [2026-01-07 12:31:04] Returning value: 3
[2026-01-07 12:31:04] Returning value: TRUE
[2026-01-07 12:31:04] Returning value: 2
 [2026-01-07 12:31:04] Returning value: 3
[2026-01-07 12:31:04] Returning value: TRUE
[2026-01-07 12:31:04] Returning value: 3
 [2026-01-07 12:31:04] Returning value: 3
[2026-01-07 12:31:19] Returning value: INVOCATION_ID
[2026-01-07 12:31:19] Returning value: 202601071231
[2026-01-07 12:31:19] Returning value: 61dc4b73-4c97-4ff1-b50e-55a96800bd88
[2026-01-07 12:31:19] Returning value: TRUE
[2026-01-07 12:31:19] Returning value: FALSE
[2026-01-07 12:31:19] Returning value: TRUE
[2026-01-07 12:31:19] Returning value: 1
 [2026-01-07 12:31:19] Returning value: 3
[2026-01-07 12:31:19] Returning value: TRUE
[2026-01-07 12:31:19] Returning value: 2
 [2026-01-07 12:31:19] Returning value: 3
[2026-01-07 12:31:19] Returning value: TRUE
[2026-01-07 12:31:19] Returning value: 3
 [2026-01-07 12:31:19] Returning value: 3
[2026-01-07 12:32:06] Returning value: INVOCATION_ID
[2026-01-07 12:32:06] Returning value: 202601071232
[2026-01-07 12:32:06] Returning value: e3c19958-8941-4a69-9d53-27e4ace6762d
[2026-01-07 12:32:06] Returning value: TRUE
[2026-01-07 12:32:06] Returning value: FALSE
[2026-01-07 12:32:06] Returning value: TRUE
[2026-01-07 12:32:06] Returning value: 1
 [2026-01-07 12:32:06] Returning value: 3
[2026-01-07 12:32:06] Returning value: TRUE
[2026-01-07 12:32:06] Returning value: 2
 [2026-01-07 12:32:06] Returning value: 3
[2026-01-07 12:32:06] Returning value: TRUE
[2026-01-07 12:32:06] Returning value: 3
 [2026-01-07 12:32:06] Returning value: 3
[2026-01-07 12:32:37] Returning value: INVOCATION_ID
[2026-01-07 12:32:37] Returning value: 202601071232
[2026-01-07 12:32:37] Returning value: 8e737aa4-86e6-42d4-90e3-ecb55368a8d6
[2026-01-07 12:32:37] Returning value: TRUE
[2026-01-07 12:32:37] Returning value: FALSE
[2026-01-07 12:32:37] Returning value: TRUE
[2026-01-07 12:32:37] Returning value: 1
 [2026-01-07 12:32:37] Returning value: 3
[2026-01-07 12:32:37] Returning value: TRUE
[2026-01-07 12:32:37] Returning value: 2
 [2026-01-07 12:32:37] Returning value: 3
[2026-01-07 12:32:37] Returning value: TRUE
[2026-01-07 12:32:37] Returning value: 3
 [2026-01-07 12:32:37] Returning value: 3
[2026-01-07 12:32:48] Returning value: INVOCATION_ID
[2026-01-07 12:32:48] Returning value: 202601071232
[2026-01-07 12:32:48] Returning value: ea6903c1-e02a-4641-b68e-10b6a00488e9
[2026-01-07 12:32:49] Returning value: TRUE
[2026-01-07 12:32:49] Returning value: FALSE
[2026-01-07 12:32:49] Returning value: TRUE
[2026-01-07 12:32:49] Returning value: 1
 [2026-01-07 12:32:49] Returning value: 3
[2026-01-07 12:32:49] Returning value: TRUE
[2026-01-07 12:32:49] Returning value: 2
 [2026-01-07 12:32:49] Returning value: 3
[2026-01-07 12:32:49] Returning value: TRUE
[2026-01-07 12:32:49] Returning value: 3
 [2026-01-07 12:32:49] Returning value: 3
[2026-01-07 12:33:12] Returning value: INVOCATION_ID
[2026-01-07 12:33:12] Returning value: 202601071233
[2026-01-07 12:33:12] Returning value: b65cdcb4-8a06-41c3-80e9-efee5665ab13
[2026-01-07 12:33:12] Returning value: TRUE
[2026-01-07 12:33:12] Returning value: FALSE
[2026-01-07 12:33:12] Returning value: TRUE
[2026-01-07 12:33:12] Returning value: 1
 [2026-01-07 12:33:12] Returning value: 3
[2026-01-07 12:33:12] Returning value: TRUE
[2026-01-07 12:33:12] Returning value: 2
 [2026-01-07 12:33:12] Returning value: 3
[2026-01-07 12:33:12] Returning value: TRUE
[2026-01-07 12:33:12] Returning value: 3
 [2026-01-07 12:33:12] Returning value: 3
[2026-01-07 12:33:59] Returning value: INVOCATION_ID
[2026-01-07 12:33:59] Returning value: 202601071233
[2026-01-07 12:33:59] Returning value: 93436681-a406-4b07-b238-3f57979588d3
[2026-01-07 12:33:59] Returning value: TRUE
[2026-01-07 12:33:59] Returning value: FALSE
[2026-01-07 12:33:59] Returning value: TRUE
[2026-01-07 12:33:59] Returning value: 1
 [2026-01-07 12:33:59] Returning value: 3
[2026-01-07 12:33:59] Rank info: Executing rank 1/3
[2026-01-07 12:33:59] Returning value: TRUE
[2026-01-07 12:33:59] Returning value: 2
 [2026-01-07 12:33:59] Returning value: 3
[2026-01-07 12:33:59] Rank info: Executing rank 2/3
[2026-01-07 12:33:59] Returning value: TRUE
[2026-01-07 12:33:59] Returning value: 3
 [2026-01-07 12:33:59] Returning value: 3
[2026-01-07 12:33:59] Rank info: Executing rank 3/3
