[2026-01-08 09:16:08] Returning value: INVOCATION_ID
[2026-01-08 09:16:08] Returning value: 202601080916
[2026-01-08 09:16:08] Returning value: 279445fb-8b8a-4dc2-9060-b60ac16342a7
[2026-01-08 09:16:10] Returning value: TRUE
[2026-01-08 09:16:10] Returning value: FALSE
[2026-01-08 09:16:10] Returning value: TRUE
[2026-01-08 09:16:10] Rank info: not available
[2026-01-08 09:16:10] Returning value: TRUE
[2026-01-08 09:16:10] Rank info: not available
[2026-01-08 09:16:10] Returning value: TRUE
[2026-01-08 09:16:10] Rank info: not available
[2026-01-08 09:19:28] Returning value: INVOCATION_ID
[2026-01-08 09:19:28] Returning value: 202601080919
[2026-01-08 09:19:28] Returning value: f255fd22-986d-4b71-9b5f-1c595c1fe901
[2026-01-08 09:19:28] Returning value: TRUE
[2026-01-08 09:19:28] Returning value: FALSE
[2026-01-08 09:19:28] Returning value: TRUE
[2026-01-08 09:19:28] Rank info: not available
[2026-01-08 09:19:28] Returning value: TRUE
[2026-01-08 09:19:28] Rank info: not available
[2026-01-08 09:19:28] Returning value: TRUE
[2026-01-08 09:19:28] Rank info: not available
[2026-01-08 09:21:04] Returning value: INVOCATION_ID
[2026-01-08 09:21:04] Returning value: 202601080921
[2026-01-08 09:21:04] Returning value: a380943d-0be8-4a10-88a9-7db8047798df
[2026-01-08 09:21:04] Returning value: TRUE
[2026-01-08 09:21:04] Returning value: FALSE
[2026-01-08 09:21:05] Returning value: TRUE
[2026-01-08 09:21:05] Returning value: 1
 [2026-01-08 09:21:05] Returning value: 3
[2026-01-08 09:21:05] Rank info: not available
[2026-01-08 09:21:05] Returning value: TRUE
[2026-01-08 09:21:05] Returning value: 2
 [2026-01-08 09:21:05] Returning value: 3
[2026-01-08 09:21:05] Rank info: not available
[2026-01-08 09:21:05] Returning value: TRUE
[2026-01-08 09:21:05] Returning value: 3
 [2026-01-08 09:21:05] Returning value: 3
[2026-01-08 09:21:05] Rank info: not available
[2026-01-08 09:22:12] Returning value: INVOCATION_ID
[2026-01-08 09:22:12] Returning value: 202601080922
[2026-01-08 09:22:12] Returning value: 11c422f6-11a3-485a-8321-ceafbfa35051
[2026-01-08 09:22:12] Returning value: TRUE
[2026-01-08 09:22:12] Returning value: FALSE
[2026-01-08 09:22:12] Returning value: TRUE
[2026-01-08 09:22:12] Returning value: 1
 [2026-01-08 09:22:12] Returning value: 3
[2026-01-08 09:22:12] Rank info: not available
[2026-01-08 09:22:12] Returning value: TRUE
[2026-01-08 09:22:12] Returning value: 2
 [2026-01-08 09:22:12] Returning value: 3
[2026-01-08 09:22:12] Rank info: not available
[2026-01-08 09:22:12] Returning value: TRUE
[2026-01-08 09:22:12] Returning value: 3
 [2026-01-08 09:22:12] Returning value: 3
[2026-01-08 09:22:12] Rank info: not available
[2026-01-08 09:25:27] Returning value: INVOCATION_ID
[2026-01-08 09:25:27] Returning value: 202601080925
[2026-01-08 09:25:27] Returning value: a79befc3-2ad4-4e7d-b733-d15cb528e45c
[2026-01-08 09:25:27] Returning value: TRUE
[2026-01-08 09:25:27] Returning value: FALSE
[2026-01-08 09:25:27] Returning value: TRUE
[2026-01-08 09:25:27] Returning value: 1
 [2026-01-08 09:25:27] Returning value: 3
[2026-01-08 09:25:27] Rank info: Executing rank 1/3
[2026-01-08 09:25:27] Returning value: TRUE
[2026-01-08 09:25:27] Returning value: 2
 [2026-01-08 09:25:27] Returning value: 3
[2026-01-08 09:25:27] Rank info: Executing rank 2/3
[2026-01-08 09:25:27] Returning value: TRUE
[2026-01-08 09:25:27] Returning value: 3
 [2026-01-08 09:25:27] Returning value: 3
[2026-01-08 09:25:27] Rank info: Executing rank 3/3
[2026-01-08 09:27:41] Returning value: INVOCATION_ID
[2026-01-08 09:27:41] Returning value: 202601080927
[2026-01-08 09:27:41] Returning value: e57b1e65-f509-4245-8495-15f1f6360c90
[2026-01-08 09:27:41] Returning value: TRUE
[2026-01-08 09:27:41] Returning value: FALSE
[2026-01-08 09:27:41] Returning value: TRUE
[2026-01-08 09:27:41] Returning value: 1
 [2026-01-08 09:27:41] Returning value: 3
[2026-01-08 09:27:41] Rank info: Executing rank 1/3
[2026-01-08 09:27:41] Returning value: TRUE
[2026-01-08 09:27:41] Returning value: 2
 [2026-01-08 09:27:41] Returning value: 3
[2026-01-08 09:27:41] Rank info: Executing rank 2/3
[2026-01-08 09:27:41] Returning value: TRUE
[2026-01-08 09:27:41] Returning value: 3
 [2026-01-08 09:27:41] Returning value: 3
[2026-01-08 09:27:41] Rank info: Executing rank 3/3
[2026-01-08 09:28:11] Returning value: INVOCATION_ID
[2026-01-08 09:28:11] Returning value: 202601080928
[2026-01-08 09:28:11] Returning value: 590d9dc2-ec26-40f7-9b9a-375fea28a6ff
[2026-01-08 09:28:11] Returning value: TRUE
[2026-01-08 09:28:11] Returning value: FALSE
[2026-01-08 09:28:11] Returning value: TRUE
[2026-01-08 09:28:11] Returning value: 1
 [2026-01-08 09:28:11] Returning value: 3
[2026-01-08 09:28:11] Rank info: not available
[2026-01-08 09:28:11] Returning value: TRUE
[2026-01-08 09:28:11] Returning value: 2
 [2026-01-08 09:28:11] Returning value: 3
[2026-01-08 09:28:11] Rank info: not available
[2026-01-08 09:28:11] Returning value: TRUE
[2026-01-08 09:28:11] Returning value: 3
 [2026-01-08 09:28:11] Returning value: 3
[2026-01-08 09:28:11] Rank info: not available
[2026-01-08 09:28:31] Returning value: INVOCATION_ID
[2026-01-08 09:28:31] Returning value: 202601080928
[2026-01-08 09:28:31] Returning value: 9d67690d-64f5-4891-8f6e-8d31696291e2
[2026-01-08 09:28:31] Returning value: TRUE
[2026-01-08 09:28:31] Returning value: FALSE
[2026-01-08 09:28:31] Returning value: TRUE
[2026-01-08 09:28:31] Returning value: 1
 [2026-01-08 09:28:31] Returning value: 3
[2026-01-08 09:28:31] Rank info: not available
[2026-01-08 09:28:31] Returning value: TRUE
[2026-01-08 09:28:31] Returning value: 2
 [2026-01-08 09:28:31] Returning value: 3
[2026-01-08 09:28:31] Rank info: not available
[2026-01-08 09:28:31] Returning value: TRUE
[2026-01-08 09:28:31] Returning value: 3
 [2026-01-08 09:28:31] Returning value: 3
[2026-01-08 09:28:31] Rank info: not available
[2026-01-08 09:29:36] Returning value: INVOCATION_ID
[2026-01-08 09:29:36] Returning value: 202601080929
[2026-01-08 09:29:36] Returning value: 2c6e77b0-46a6-4f97-a123-1e88cb4df2a7
[2026-01-08 09:29:36] Returning value: TRUE
[2026-01-08 09:29:36] Returning value: FALSE
[2026-01-08 09:29:36] Returning value: TRUE
[2026-01-08 09:29:37] Returning value: 1
 [2026-01-08 09:29:37] Returning value: 3
[2026-01-08 09:29:37] Rank info: not available
[2026-01-08 09:29:37] Returning value: TRUE
[2026-01-08 09:29:37] Returning value: 2
 [2026-01-08 09:29:37] Returning value: 3
[2026-01-08 09:29:37] Rank info: not available
[2026-01-08 09:29:37] Returning value: TRUE
[2026-01-08 09:29:37] Returning value: 3
 [2026-01-08 09:29:37] Returning value: 3
[2026-01-08 09:29:37] Rank info: not available
[2026-01-08 09:29:46] Returning value: INVOCATION_ID
[2026-01-08 09:29:46] Returning value: 202601080929
[2026-01-08 09:29:46] Returning value: 4c143d06-99aa-4de5-beaf-b36251754020
[2026-01-08 09:29:46] Returning value: TRUE
[2026-01-08 09:29:46] Returning value: FALSE
[2026-01-08 09:29:46] Returning value: TRUE
[2026-01-08 09:29:46] Returning value: 1
 [2026-01-08 09:29:46] Returning value: 3
[2026-01-08 09:29:46] Rank info: not available
[2026-01-08 09:29:46] Returning value: TRUE
[2026-01-08 09:29:46] Returning value: 2
 [2026-01-08 09:29:46] Returning value: 3
[2026-01-08 09:29:46] Rank info: not available
[2026-01-08 09:29:46] Returning value: TRUE
[2026-01-08 09:29:46] Returning value: 3
 [2026-01-08 09:29:46] Returning value: 3
[2026-01-08 09:29:46] Rank info: not available
[2026-01-08 09:30:00] Returning value: INVOCATION_ID
[2026-01-08 09:30:00] Returning value: 202601080930
[2026-01-08 09:30:00] Returning value: 04064dd7-649d-4a64-b8f2-3913f984c5a0
[2026-01-08 09:30:00] Returning value: TRUE
[2026-01-08 09:30:00] Returning value: FALSE
[2026-01-08 09:30:00] Returning value: TRUE
[2026-01-08 09:30:01] Returning value: 1
 [2026-01-08 09:30:01] Returning value: 3
[2026-01-08 09:30:01] Rank info: Executing rank 1/3
[2026-01-08 09:30:01] Returning value: TRUE
[2026-01-08 09:30:01] Returning value: 2
 [2026-01-08 09:30:01] Returning value: 3
[2026-01-08 09:30:01] Rank info: Executing rank 2/3
[2026-01-08 09:30:01] Returning value: TRUE
[2026-01-08 09:30:01] Returning value: 3
 [2026-01-08 09:30:01] Returning value: 3
[2026-01-08 09:30:01] Rank info: Executing rank 3/3
[2026-01-08 09:30:16] Returning value: INVOCATION_ID
[2026-01-08 09:30:16] Returning value: 202601080930
[2026-01-08 09:30:16] Returning value: 43061e74-90fd-4bd2-b457-11596e27e5ed
[2026-01-08 09:30:16] Returning value: TRUE
[2026-01-08 09:30:17] Returning value: FALSE
[2026-01-08 09:30:17] Returning value: TRUE
[2026-01-08 09:30:17] Returning value: 1
 [2026-01-08 09:30:17] Returning value: 3
[2026-01-08 09:30:17] Rank info: not available
[2026-01-08 09:30:17] Returning value: TRUE
[2026-01-08 09:30:17] Returning value: 2
 [2026-01-08 09:30:17] Returning value: 3
[2026-01-08 09:30:17] Rank info: not available
[2026-01-08 09:30:17] Returning value: TRUE
[2026-01-08 09:30:17] Returning value: 3
 [2026-01-08 09:30:17] Returning value: 3
[2026-01-08 09:30:17] Rank info: not available
[2026-01-08 09:32:29] Returning value: INVOCATION_ID
[2026-01-08 09:32:29] Returning value: 202601080932
[2026-01-08 09:32:29] Returning value: aa29c297-20d5-4553-a3e5-6def2b06eecf
[2026-01-08 09:32:29] Returning value: TRUE
[2026-01-08 09:32:29] Returning value: FALSE
[2026-01-08 09:32:29] Returning value: TRUE
[2026-01-08 09:32:29] Returning value: 1
 [2026-01-08 09:32:29] Returning value: 3
[2026-01-08 09:32:29] Rank info: not available
[2026-01-08 09:32:29] Returning value: TRUE
[2026-01-08 09:32:29] Returning value: 2
 [2026-01-08 09:32:29] Returning value: 3
[2026-01-08 09:32:29] Rank info: not available
[2026-01-08 09:32:29] Returning value: TRUE
[2026-01-08 09:32:29] Returning value: 3
 [2026-01-08 09:32:29] Returning value: 3
[2026-01-08 09:32:29] Rank info: not available
[2026-01-08 09:32:37] Returning value: INVOCATION_ID
[2026-01-08 09:32:37] Returning value: 202601080932
[2026-01-08 09:32:37] Returning value: 4dbae326-357a-47ce-b9af-489c794ff3c9
[2026-01-08 09:32:38] Returning value: TRUE
[2026-01-08 09:32:38] Returning value: FALSE
[2026-01-08 09:32:38] Returning value: TRUE
[2026-01-08 09:32:38] Returning value: 1
 [2026-01-08 09:32:38] Returning value: 3
[2026-01-08 09:32:38] Rank info: not available
[2026-01-08 09:32:38] Returning value: TRUE
[2026-01-08 09:32:38] Returning value: 2
 [2026-01-08 09:32:38] Returning value: 3
[2026-01-08 09:32:38] Rank info: not available
[2026-01-08 09:32:38] Returning value: TRUE
[2026-01-08 09:32:38] Returning value: 3
 [2026-01-08 09:32:38] Returning value: 3
[2026-01-08 09:32:38] Rank info: not available
[2026-01-08 09:32:47] Returning value: INVOCATION_ID
[2026-01-08 09:32:47] Returning value: 202601080932
[2026-01-08 09:32:47] Returning value: b41ece86-f285-4ae9-8346-9fd1a58b2b62
[2026-01-08 09:32:48] Returning value: TRUE
[2026-01-08 09:32:48] Returning value: FALSE
[2026-01-08 09:32:48] Returning value: TRUE
[2026-01-08 09:32:48] Rank info: not available
[2026-01-08 09:32:48] Returning value: TRUE
[2026-01-08 09:32:48] Rank info: not available
[2026-01-08 09:32:48] Returning value: TRUE
[2026-01-08 09:32:48] Rank info: not available
[2026-01-08 09:36:25] Returning value: INVOCATION_ID
[2026-01-08 09:36:25] Returning value: 202601080936
[2026-01-08 09:36:25] Returning value: f5adfcf8-b09e-43c0-9966-59e2489183ce
[2026-01-08 09:36:25] Returning value: TRUE
[2026-01-08 09:36:26] Returning value: FALSE
[2026-01-08 09:36:26] Returning value: TRUE
[2026-01-08 09:36:26] Returning value: 1
 [2026-01-08 09:36:26] Returning value: 3
[2026-01-08 09:36:26] Rank info: not available
[2026-01-08 09:36:26] Returning value: TRUE
[2026-01-08 09:36:26] Returning value: 2
 [2026-01-08 09:36:26] Returning value: 3
[2026-01-08 09:36:26] Rank info: not available
[2026-01-08 09:36:26] Returning value: TRUE
[2026-01-08 09:36:26] Returning value: 3
 [2026-01-08 09:36:26] Returning value: 3
[2026-01-08 09:36:26] Rank info: not available
[2026-01-08 09:37:50] Returning value: INVOCATION_ID
[2026-01-08 09:37:50] Returning value: 202601080937
[2026-01-08 09:37:50] Returning value: 189c3076-2431-45b6-b915-797d97ec309f
[2026-01-08 09:37:50] Returning value: TRUE
[2026-01-08 09:37:50] Returning value: FALSE
[2026-01-08 09:37:50] Returning value: TRUE
[2026-01-08 09:37:50] Returning value: 1
 [2026-01-08 09:37:50] Returning value: 3
[2026-01-08 09:37:50] Rank info: not available
[2026-01-08 09:37:50] Returning value: TRUE
[2026-01-08 09:37:50] Returning value: 2
 [2026-01-08 09:37:50] Returning value: 3
[2026-01-08 09:37:50] Rank info: not available
[2026-01-08 09:37:50] Returning value: TRUE
[2026-01-08 09:37:50] Returning value: 3
 [2026-01-08 09:37:50] Returning value: 3
[2026-01-08 09:37:50] Rank info: not available
[2026-01-08 09:38:11] Returning value: INVOCATION_ID
[2026-01-08 09:38:11] Returning value: 202601080938
[2026-01-08 09:38:11] Returning value: e309a004-5811-4299-a71b-36edae24b326
[2026-01-08 09:38:11] Returning value: TRUE
[2026-01-08 09:38:11] Returning value: FALSE
[2026-01-08 09:38:11] Returning value: TRUE
[2026-01-08 09:38:11] Returning value: 1
 [2026-01-08 09:38:11] Returning value: 3
[2026-01-08 09:38:11] Rank info: Executing rank 1/3
[2026-01-08 09:38:11] Returning value: TRUE
[2026-01-08 09:38:11] Returning value: 2
 [2026-01-08 09:38:11] Returning value: 3
[2026-01-08 09:38:11] Rank info: Executing rank 2/3
[2026-01-08 09:38:11] Returning value: TRUE
[2026-01-08 09:38:11] Returning value: 3
 [2026-01-08 09:38:11] Returning value: 3
[2026-01-08 09:38:11] Rank info: Executing rank 3/3
[2026-01-08 09:44:34] Returning value: HELLO
[2026-01-08 09:44:34] Returning value: 202601080944
[2026-01-08 09:44:34] Returning value: 11a94069-7412-4647-a52a-73ecc0a586bc
[2026-01-08 09:44:35] Returning value: TRUE
[2026-01-08 09:44:35] Returning value: FALSE
[2026-01-08 09:44:35] Returning value: TRUE
[2026-01-08 09:44:35] Returning value: 1
 [2026-01-08 09:44:35] Returning value: 3
[2026-01-08 09:44:35] Returning value: 11a94069-7412-4647-a52a-73ecc0a586bc
[2026-01-08 09:44:35] Invocation ID: 11a94069-7412-4647-a52a-73ecc0a586bc
[2026-01-08 09:44:35] Returning value: TRUE
[2026-01-08 09:44:35] Returning value: 2
 [2026-01-08 09:44:35] Returning value: 3
[2026-01-08 09:44:35] Returning value: 11a94069-7412-4647-a52a-73ecc0a586bc
[2026-01-08 09:44:35] Invocation ID: 11a94069-7412-4647-a52a-73ecc0a586bc
[2026-01-08 09:44:35] Returning value: TRUE
[2026-01-08 09:44:35] Returning value: 3
 [2026-01-08 09:44:35] Returning value: 3
[2026-01-08 09:44:35] Returning value: 11a94069-7412-4647-a52a-73ecc0a586bc
[2026-01-08 09:44:35] Invocation ID: 11a94069-7412-4647-a52a-73ecc0a586bc
[2026-01-08 09:45:40] Returning value: HELLO
[2026-01-08 09:45:40] Returning value: 202601080945
[2026-01-08 09:45:40] Returning value: 058e4cdb-5997-4147-9fd3-e40a28705600
[2026-01-08 09:45:41] Returning value: TRUE
[2026-01-08 09:45:41] Returning value: FALSE
[2026-01-08 09:45:41] Returning value: TRUE
[2026-01-08 09:45:41] Returning value: 1
 [2026-01-08 09:45:41] Returning value: 3
[2026-01-08 09:45:41] Returning value: 058e4cdb-5997-4147-9fd3-e40a28705600
[2026-01-08 09:45:41] Rank info: Executing rank 1/3
[2026-01-08 09:45:41] Returning value: TRUE
[2026-01-08 09:45:41] Returning value: 2
 [2026-01-08 09:45:41] Returning value: 3
[2026-01-08 09:45:41] Returning value: 058e4cdb-5997-4147-9fd3-e40a28705600
[2026-01-08 09:45:41] Rank info: Executing rank 2/3
[2026-01-08 09:45:41] Returning value: TRUE
[2026-01-08 09:45:41] Returning value: 3
 [2026-01-08 09:45:41] Returning value: 3
[2026-01-08 09:45:41] Returning value: 058e4cdb-5997-4147-9fd3-e40a28705600
[2026-01-08 09:45:41] Rank info: Executing rank 3/3
[2026-01-08 09:45:57] Returning value: HELLO
[2026-01-08 09:45:57] Returning value: 202601080945
[2026-01-08 09:45:57] Returning value: c400c5ff-35e3-4cc0-89a8-529da7e8df01
[2026-01-08 09:45:57] Returning value: TRUE
[2026-01-08 09:45:57] Returning value: FALSE
[2026-01-08 09:45:57] Returning value: TRUE
[2026-01-08 09:45:57] Returning value: 1
 [2026-01-08 09:45:57] Returning value: 3
[2026-01-08 09:45:57] Returning value: c400c5ff-35e3-4cc0-89a8-529da7e8df01
[2026-01-08 09:45:57] Rank info: Executing rank 1/3
[2026-01-08 09:45:57] Returning value: TRUE
[2026-01-08 09:45:57] Returning value: 2
 [2026-01-08 09:45:57] Returning value: 3
[2026-01-08 09:45:57] Returning value: c400c5ff-35e3-4cc0-89a8-529da7e8df01
[2026-01-08 09:45:57] Rank info: Executing rank 2/3
[2026-01-08 09:45:57] Returning value: TRUE
[2026-01-08 09:45:57] Returning value: 3
 [2026-01-08 09:45:57] Returning value: 3
[2026-01-08 09:45:57] Returning value: c400c5ff-35e3-4cc0-89a8-529da7e8df01
[2026-01-08 09:45:57] Rank info: Executing rank 3/3
[2026-01-08 09:48:39] Returning value: HELLO
[2026-01-08 09:48:39] Returning value: 202601080948
[2026-01-08 09:48:39] Returning value: 824861cc-d993-4a02-a687-96f52b8a5eb5
[2026-01-08 09:48:40] Returning value: TRUE
[2026-01-08 09:48:40] Returning value: FALSE
[2026-01-08 09:48:40] Returning value: TRUE
[2026-01-08 09:48:40] Returning value: 1
 [2026-01-08 09:48:40] Returning value: 3
[2026-01-08 09:48:40] Returning value: 824861cc-d993-4a02-a687-96f52b8a5eb5
[2026-01-08 09:48:40] Rank info: Executing rank 1/3
[2026-01-08 09:48:40] Returning value: TRUE
[2026-01-08 09:48:40] Returning value: 2
 [2026-01-08 09:48:40] Returning value: 3
[2026-01-08 09:48:40] Returning value: 824861cc-d993-4a02-a687-96f52b8a5eb5
[2026-01-08 09:48:40] Rank info: Executing rank 2/3
[2026-01-08 09:48:40] Returning value: TRUE
[2026-01-08 09:48:40] Returning value: 3
 [2026-01-08 09:48:40] Returning value: 3
[2026-01-08 09:48:40] Returning value: 824861cc-d993-4a02-a687-96f52b8a5eb5
[2026-01-08 09:48:40] Rank info: Executing rank 3/3
[2026-01-08 09:48:40] Returning value: Error in file(con, "r") : cannot open the connection

[2026-01-08 09:49:50] Returning value: HELLO
[2026-01-08 09:49:50] Returning value: 202601080949
[2026-01-08 09:49:50] Returning value: b9f3dbe6-3dc2-4b78-8a7f-5b383e678983
[2026-01-08 09:49:51] Returning value: TRUE
[2026-01-08 09:49:51] Returning value: FALSE
[2026-01-08 09:49:51] Returning value: TRUE
[2026-01-08 09:49:51] Returning value: 1
 [2026-01-08 09:49:51] Returning value: 3
[2026-01-08 09:49:51] Returning value: b9f3dbe6-3dc2-4b78-8a7f-5b383e678983
[2026-01-08 09:49:51] Rank info: Executing rank 1/3
[2026-01-08 09:49:51] Returning value: TRUE
[2026-01-08 09:49:51] Returning value: 2
 [2026-01-08 09:49:51] Returning value: 3
[2026-01-08 09:49:51] Returning value: b9f3dbe6-3dc2-4b78-8a7f-5b383e678983
[2026-01-08 09:49:51] Rank info: Executing rank 2/3
[2026-01-08 09:49:51] Returning value: TRUE
[2026-01-08 09:49:51] Returning value: 3
 [2026-01-08 09:49:51] Returning value: 3
[2026-01-08 09:49:51] Returning value: b9f3dbe6-3dc2-4b78-8a7f-5b383e678983
[2026-01-08 09:49:51] Rank info: Executing rank 3/3
[2026-01-08 09:49:51] Returning value: Error in file(con, "r") : cannot open the connection

[2026-01-08 10:06:57] Returning value: HELLO
[2026-01-08 10:06:57] Returning value: 202601081006
[2026-01-08 10:06:57] Returning value: 3147aac8-d586-4533-8019-33febdedf1c8
[2026-01-08 10:06:57] Returning value: TRUE
[2026-01-08 10:06:57] Returning value: FALSE
[2026-01-08 10:06:57] Returning value: TRUE
[2026-01-08 10:06:57] Returning value: 1
 [2026-01-08 10:06:57] Returning value: 3
[2026-01-08 10:06:57] Returning value: 3147aac8-d586-4533-8019-33febdedf1c8
[2026-01-08 10:06:57] Rank info: Executing rank 1/3
[2026-01-08 10:06:57] Returning value: TRUE
[2026-01-08 10:06:57] Returning value: 2
 [2026-01-08 10:06:57] Returning value: 3
[2026-01-08 10:06:57] Returning value: 3147aac8-d586-4533-8019-33febdedf1c8
[2026-01-08 10:06:57] Rank info: Executing rank 2/3
[2026-01-08 10:06:57] Returning value: TRUE
[2026-01-08 10:06:57] Returning value: 3
 [2026-01-08 10:06:57] Returning value: 3
[2026-01-08 10:06:57] Returning value: 3147aac8-d586-4533-8019-33febdedf1c8
[2026-01-08 10:06:58] Rank info: Executing rank 3/3
[2026-01-08 10:07:12] Returning value: HELLO
[2026-01-08 10:07:12] Returning value: 202601081007
[2026-01-08 10:07:12] Returning value: 46fcd700-33b2-4c77-9658-9bf9f6b624ec
[2026-01-08 10:07:12] Returning value: TRUE
[2026-01-08 10:07:12] Returning value: FALSE
[2026-01-08 10:07:12] Returning value: TRUE
[2026-01-08 10:07:12] Returning value: 1
 [2026-01-08 10:07:12] Returning value: 3
[2026-01-08 10:07:12] Returning value: 46fcd700-33b2-4c77-9658-9bf9f6b624ec
[2026-01-08 10:07:12] Rank info: Executing rank 1/3
[2026-01-08 10:07:12] Returning value: TRUE
[2026-01-08 10:07:12] Returning value: 2
 [2026-01-08 10:07:12] Returning value: 3
[2026-01-08 10:07:12] Returning value: 46fcd700-33b2-4c77-9658-9bf9f6b624ec
[2026-01-08 10:07:12] Rank info: Executing rank 2/3
[2026-01-08 10:07:12] Returning value: TRUE
[2026-01-08 10:07:12] Returning value: 3
 [2026-01-08 10:07:12] Returning value: 3
[2026-01-08 10:07:12] Returning value: 46fcd700-33b2-4c77-9658-9bf9f6b624ec
[2026-01-08 10:07:12] Rank info: Executing rank 3/3
[2026-01-08 10:08:21] Returning value: HELLO
[2026-01-08 10:08:21] Returning value: 202601081008
[2026-01-08 10:08:21] Returning value: c70d811b-b6cc-4026-8a4f-40c6bcb165a8
[2026-01-08 10:08:21] Returning value: TRUE
[2026-01-08 10:08:21] Returning value: FALSE
[2026-01-08 10:08:21] Returning value: TRUE
[2026-01-08 10:08:21] Returning value: 1
 [2026-01-08 10:08:21] Returning value: 3
[2026-01-08 10:08:21] Returning value: c70d811b-b6cc-4026-8a4f-40c6bcb165a8
[2026-01-08 10:08:21] Rank info: Executing rank 1/3
[2026-01-08 10:08:21] Returning value: TRUE
[2026-01-08 10:08:21] Returning value: 2
 [2026-01-08 10:08:21] Returning value: 3
[2026-01-08 10:08:21] Returning value: c70d811b-b6cc-4026-8a4f-40c6bcb165a8
[2026-01-08 10:08:21] Rank info: Executing rank 2/3
[2026-01-08 10:08:21] Returning value: TRUE
[2026-01-08 10:08:21] Returning value: 3
 [2026-01-08 10:08:21] Returning value: 3
[2026-01-08 10:08:21] Returning value: c70d811b-b6cc-4026-8a4f-40c6bcb165a8
[2026-01-08 10:08:21] Rank info: Executing rank 3/3
[2026-01-08 10:09:10] Returning value: HELLO
[2026-01-08 10:09:10] Returning value: 202601081009
[2026-01-08 10:09:10] Returning value: 60b020cb-112c-4df6-abb7-585c92280b21
[2026-01-08 10:09:11] Returning value: TRUE
[2026-01-08 10:09:11] Returning value: FALSE
[2026-01-08 10:09:11] Returning value: TRUE
[2026-01-08 10:09:11] Returning value: 1
 [2026-01-08 10:09:11] Returning value: 3
[2026-01-08 10:09:11] Returning value: 60b020cb-112c-4df6-abb7-585c92280b21
[2026-01-08 10:09:11] Rank info: Executing rank 1/3
[2026-01-08 10:09:11] Returning value: TRUE
[2026-01-08 10:09:11] Returning value: 2
 [2026-01-08 10:09:11] Returning value: 3
[2026-01-08 10:09:11] Returning value: 60b020cb-112c-4df6-abb7-585c92280b21
[2026-01-08 10:09:11] Rank info: Executing rank 2/3
[2026-01-08 10:09:11] Returning value: TRUE
[2026-01-08 10:09:11] Returning value: 3
 [2026-01-08 10:09:11] Returning value: 3
[2026-01-08 10:09:11] Returning value: 60b020cb-112c-4df6-abb7-585c92280b21
[2026-01-08 10:09:11] Rank info: Executing rank 3/3
[2026-01-08 10:09:36] Returning value: HELLO
[2026-01-08 10:09:36] Returning value: 202601081009
[2026-01-08 10:09:36] Returning value: a824174f-74cc-436e-8b32-8ebb6acafcbf
[2026-01-08 10:09:37] Returning value: TRUE
[2026-01-08 10:09:37] Returning value: FALSE
[2026-01-08 10:09:37] Returning value: TRUE
[2026-01-08 10:09:37] Returning value: 1
 [2026-01-08 10:09:37] Returning value: 3
[2026-01-08 10:09:37] Returning value: a824174f-74cc-436e-8b32-8ebb6acafcbf
[2026-01-08 10:09:37] Rank info: Executing rank 1/3
[2026-01-08 10:09:37] Returning value: TRUE
[2026-01-08 10:09:37] Returning value: 2
 [2026-01-08 10:09:37] Returning value: 3
[2026-01-08 10:09:37] Returning value: a824174f-74cc-436e-8b32-8ebb6acafcbf
[2026-01-08 10:09:37] Rank info: Executing rank 2/3
[2026-01-08 10:09:37] Returning value: TRUE
[2026-01-08 10:09:37] Returning value: 3
 [2026-01-08 10:09:37] Returning value: 3
[2026-01-08 10:09:37] Returning value: a824174f-74cc-436e-8b32-8ebb6acafcbf
[2026-01-08 10:09:37] Rank info: Executing rank 3/3
[2026-01-08 10:10:39] Returning value: HELLO
[2026-01-08 10:10:39] Returning value: 202601081010
[2026-01-08 10:10:39] Returning value: 1a3c34b5-6277-443b-8038-57fa13123876
[2026-01-08 10:10:39] Returning value: TRUE
[2026-01-08 10:10:39] Returning value: FALSE
[2026-01-08 10:10:39] Returning value: TRUE
[2026-01-08 10:10:39] Returning value: 1
 [2026-01-08 10:10:39] Returning value: 3
[2026-01-08 10:10:39] Returning value: 1a3c34b5-6277-443b-8038-57fa13123876
[2026-01-08 10:10:39] Rank info: Executing rank 1/3
[2026-01-08 10:10:39] Returning value: TRUE
[2026-01-08 10:10:39] Returning value: 2
 [2026-01-08 10:10:39] Returning value: 3
[2026-01-08 10:10:39] Returning value: 1a3c34b5-6277-443b-8038-57fa13123876
[2026-01-08 10:10:39] Rank info: Executing rank 2/3
[2026-01-08 10:10:39] Returning value: TRUE
[2026-01-08 10:10:39] Returning value: 3
 [2026-01-08 10:10:39] Returning value: 3
[2026-01-08 10:10:39] Returning value: 1a3c34b5-6277-443b-8038-57fa13123876
[2026-01-08 10:10:39] Rank info: Executing rank 3/3
[2026-01-08 10:11:13] Returning value: TRUE
[2026-01-08 10:11:13] Returning value: FALSE
[2026-01-08 10:11:13] Returning value: TRUE
[2026-01-08 10:11:13] Returning value: 1
 [2026-01-08 10:11:13] Returning value: 3
[2026-01-08 10:11:13] Returning value: HELLO
[2026-01-08 10:11:13] Rank info: Executing rank 1/3
[2026-01-08 10:11:13] Returning value: TRUE
[2026-01-08 10:11:14] Returning value: 2
 [2026-01-08 10:11:14] Returning value: 3
[2026-01-08 10:11:14] Returning value: HELLO
[2026-01-08 10:11:14] Rank info: Executing rank 2/3
[2026-01-08 10:11:14] Returning value: TRUE
[2026-01-08 10:11:14] Returning value: 3
 [2026-01-08 10:11:14] Returning value: 3
[2026-01-08 10:11:14] Returning value: HELLO
[2026-01-08 10:11:14] Rank info: Executing rank 3/3
[2026-01-08 10:11:41] Returning value: TRUE
[2026-01-08 10:11:41] Returning value: FALSE
[2026-01-08 10:11:41] Returning value: TRUE
[2026-01-08 10:11:41] Returning value: 1
 [2026-01-08 10:11:41] Returning value: 3
[2026-01-08 10:11:41] Returning value: HELLO
[2026-01-08 10:11:41] Rank info: Executing rank 1/3
[2026-01-08 10:11:41] Returning value: TRUE
[2026-01-08 10:11:41] Returning value: 2
 [2026-01-08 10:11:41] Returning value: 3
[2026-01-08 10:11:41] Returning value: HELLO
[2026-01-08 10:11:41] Rank info: Executing rank 2/3
[2026-01-08 10:11:41] Returning value: TRUE
[2026-01-08 10:11:41] Returning value: 3
 [2026-01-08 10:11:41] Returning value: 3
[2026-01-08 10:11:41] Returning value: HELLO
[2026-01-08 10:11:41] Rank info: Executing rank 3/3
[2026-01-08 10:15:52] Returning value: TRUE
[2026-01-08 10:15:52] Returning value: FALSE
[2026-01-08 10:15:52] Returning value: TRUE
[2026-01-08 10:15:52] Returning value: 1
 [2026-01-08 10:15:52] Returning value: 3
[2026-01-08 10:15:52] Returning value: HELLO
[2026-01-08 10:15:52] Rank info: Executing rank 1/3
[2026-01-08 10:15:52] Returning value: TRUE
[2026-01-08 10:15:52] Returning value: 2
 [2026-01-08 10:15:52] Returning value: 3
[2026-01-08 10:15:52] Returning value: HELLO
[2026-01-08 10:15:52] Rank info: Executing rank 2/3
[2026-01-08 10:15:52] Returning value: TRUE
[2026-01-08 10:15:52] Returning value: 3
 [2026-01-08 10:15:52] Returning value: 3
[2026-01-08 10:15:52] Returning value: HELLO
[2026-01-08 10:15:52] Rank info: Executing rank 3/3
[2026-01-08 10:20:29] Returning value: 202601081020
[2026-01-08 10:20:29] Returning value: 8344c61e-ff96-415d-a38d-a488853ff2d9
[2026-01-08 10:20:29] Returning value: TRUE
[2026-01-08 10:20:29] Returning value: FALSE
[2026-01-08 10:20:29] Returning value: TRUE
[2026-01-08 10:20:29] Returning value: 1
 [2026-01-08 10:20:29] Returning value: 3
[2026-01-08 10:20:29] Returning value: 8344c61e-ff96-415d-a38d-a488853ff2d9
[2026-01-08 10:20:29] Rank info: Executing rank 1/3
[2026-01-08 10:20:29] Returning value: TRUE
[2026-01-08 10:20:30] Returning value: 2
 [2026-01-08 10:20:30] Returning value: 3
[2026-01-08 10:20:30] Returning value: 8344c61e-ff96-415d-a38d-a488853ff2d9
[2026-01-08 10:20:30] Rank info: Executing rank 2/3
[2026-01-08 10:20:30] Returning value: TRUE
[2026-01-08 10:20:30] Returning value: 3
 [2026-01-08 10:20:30] Returning value: 3
[2026-01-08 10:20:30] Returning value: 8344c61e-ff96-415d-a38d-a488853ff2d9
[2026-01-08 10:20:30] Rank info: Executing rank 3/3
[2026-01-08 10:20:42] Returning value: 2026010820
[2026-01-08 10:20:42] Returning value: 8398d52d-a2c8-4c8b-aacf-f0bb201cf675
[2026-01-08 10:20:42] Returning value: TRUE
[2026-01-08 10:20:42] Returning value: FALSE
[2026-01-08 10:20:42] Returning value: TRUE
[2026-01-08 10:20:42] Returning value: 1
 [2026-01-08 10:20:42] Returning value: 3
[2026-01-08 10:20:42] Returning value: 8398d52d-a2c8-4c8b-aacf-f0bb201cf675
[2026-01-08 10:20:42] Rank info: Executing rank 1/3
[2026-01-08 10:20:42] Returning value: TRUE
[2026-01-08 10:20:43] Returning value: 2
 [2026-01-08 10:20:43] Returning value: 3
[2026-01-08 10:20:43] Returning value: 8398d52d-a2c8-4c8b-aacf-f0bb201cf675
[2026-01-08 10:20:43] Rank info: Executing rank 2/3
[2026-01-08 10:20:43] Returning value: TRUE
[2026-01-08 10:20:43] Returning value: 3
 [2026-01-08 10:20:43] Returning value: 3
[2026-01-08 10:20:43] Returning value: 8398d52d-a2c8-4c8b-aacf-f0bb201cf675
[2026-01-08 10:20:43] Rank info: Executing rank 3/3
[2026-01-08 10:21:03] Returning value: 20260108
[2026-01-08 10:21:03] Returning value: 9cf6cf5a-2b9d-4628-9dc6-3f3df9b9c8a1
[2026-01-08 10:21:03] Returning value: TRUE
[2026-01-08 10:21:04] Returning value: FALSE
[2026-01-08 10:21:04] Returning value: TRUE
[2026-01-08 10:21:04] Returning value: 1
 [2026-01-08 10:21:04] Returning value: 3
[2026-01-08 10:21:04] Returning value: 9cf6cf5a-2b9d-4628-9dc6-3f3df9b9c8a1
[2026-01-08 10:21:04] Rank info: Executing rank 1/3
[2026-01-08 10:21:04] Returning value: TRUE
[2026-01-08 10:21:04] Returning value: 2
 [2026-01-08 10:21:04] Returning value: 3
[2026-01-08 10:21:04] Returning value: 9cf6cf5a-2b9d-4628-9dc6-3f3df9b9c8a1
[2026-01-08 10:21:04] Rank info: Executing rank 2/3
[2026-01-08 10:21:04] Returning value: TRUE
[2026-01-08 10:21:04] Returning value: 3
 [2026-01-08 10:21:04] Returning value: 3
[2026-01-08 10:21:04] Returning value: 9cf6cf5a-2b9d-4628-9dc6-3f3df9b9c8a1
[2026-01-08 10:21:04] Rank info: Executing rank 3/3
[2026-01-08 10:23:04] Returning value: 20260108
[2026-01-08 10:23:04] Returning value: eb3746a5-88a9-4540-9a82-1c21aa73ed6d
[2026-01-08 10:23:05] Returning value: TRUE
[2026-01-08 10:23:05] Returning value: FALSE
[2026-01-08 10:23:05] Returning value: TRUE
[2026-01-08 10:23:05] Returning value: 1
 [2026-01-08 10:23:05] Returning value: 3
[2026-01-08 10:23:05] Returning value: eb3746a5-88a9-4540-9a82-1c21aa73ed6d
[2026-01-08 10:23:05] Rank info: Executing rank 1/3
[2026-01-08 10:23:05] Returning value: TRUE
[2026-01-08 10:23:05] Returning value: 2
 [2026-01-08 10:23:05] Returning value: 3
[2026-01-08 10:23:05] Returning value: eb3746a5-88a9-4540-9a82-1c21aa73ed6d
[2026-01-08 10:23:05] Rank info: Executing rank 2/3
[2026-01-08 10:23:05] Returning value: TRUE
[2026-01-08 10:23:05] Returning value: 3
 [2026-01-08 10:23:05] Returning value: 3
[2026-01-08 10:23:05] Returning value: eb3746a5-88a9-4540-9a82-1c21aa73ed6d
[2026-01-08 10:23:05] Rank info: Executing rank 3/3
[2026-01-08 10:23:24] Returning value: 20260108
[2026-01-08 10:23:24] Returning value: dfbf12d2-0a98-4e14-abe8-4631eddccdf3
[2026-01-08 10:23:24] Returning value: TRUE
[2026-01-08 10:23:25] Returning value: FALSE
[2026-01-08 10:23:25] Returning value: TRUE
[2026-01-08 10:23:25] Returning value: 1
 [2026-01-08 10:23:25] Returning value: 3
[2026-01-08 10:23:25] Returning value: dfbf12d2-0a98-4e14-abe8-4631eddccdf3
[2026-01-08 10:23:25] Rank info: Executing rank 1/3
[2026-01-08 10:23:25] Returning value: TRUE
[2026-01-08 10:23:25] Returning value: 2
 [2026-01-08 10:23:25] Returning value: 3
[2026-01-08 10:23:25] Returning value: dfbf12d2-0a98-4e14-abe8-4631eddccdf3
[2026-01-08 10:23:25] Rank info: Executing rank 2/3
[2026-01-08 10:23:25] Returning value: TRUE
[2026-01-08 10:23:25] Returning value: 3
 [2026-01-08 10:23:25] Returning value: 3
[2026-01-08 10:23:25] Returning value: dfbf12d2-0a98-4e14-abe8-4631eddccdf3
[2026-01-08 10:23:25] Rank info: Executing rank 3/3
[2026-01-08 10:24:05] Returning value: 20260108
[2026-01-08 10:24:05] Returning value: e84bdfa7-e966-416e-8c2b-0f72ef8b9f7f
[2026-01-08 10:24:06] Returning value: TRUE
[2026-01-08 10:24:06] Returning value: FALSE
[2026-01-08 10:24:06] Returning value: TRUE
[2026-01-08 10:24:06] Returning value: 1
 [2026-01-08 10:24:06] Returning value: 3
[2026-01-08 10:24:06] Returning value: e84bdfa7-e966-416e-8c2b-0f72ef8b9f7f
[2026-01-08 10:24:06] Rank info: Executing rank 1/3
[2026-01-08 10:24:06] Returning value: TRUE
[2026-01-08 10:24:06] Returning value: 2
 [2026-01-08 10:24:06] Returning value: 3
[2026-01-08 10:24:06] Returning value: e84bdfa7-e966-416e-8c2b-0f72ef8b9f7f
[2026-01-08 10:24:06] Rank info: Executing rank 2/3
[2026-01-08 10:24:06] Returning value: TRUE
[2026-01-08 10:24:06] Returning value: 3
 [2026-01-08 10:24:06] Returning value: 3
[2026-01-08 10:24:06] Returning value: e84bdfa7-e966-416e-8c2b-0f72ef8b9f7f
[2026-01-08 10:24:06] Rank info: Executing rank 3/3
[2026-01-08 10:24:17] Returning value: 20260108
[2026-01-08 10:24:17] Returning value: e594226d-a1e8-4b04-80b3-293de290660a
[2026-01-08 10:24:17] Returning value: TRUE
[2026-01-08 10:24:17] Returning value: FALSE
[2026-01-08 10:24:17] Returning value: TRUE
[2026-01-08 10:24:17] Returning value: 1
 [2026-01-08 10:24:17] Returning value: 3
[2026-01-08 10:24:17] Returning value: e594226d-a1e8-4b04-80b3-293de290660a
[2026-01-08 10:24:17] Rank info: Executing rank 1/3
[2026-01-08 10:24:17] Returning value: TRUE
[2026-01-08 10:24:17] Returning value: 2
 [2026-01-08 10:24:17] Returning value: 3
[2026-01-08 10:24:17] Returning value: e594226d-a1e8-4b04-80b3-293de290660a
[2026-01-08 10:24:17] Rank info: Executing rank 2/3
[2026-01-08 10:24:17] Returning value: TRUE
[2026-01-08 10:24:17] Returning value: 3
 [2026-01-08 10:24:17] Returning value: 3
[2026-01-08 10:24:17] Returning value: e594226d-a1e8-4b04-80b3-293de290660a
[2026-01-08 10:24:17] Rank info: Executing rank 3/3
[2026-01-08 10:24:55] Returning value: 20260108
[2026-01-08 10:24:55] Returning value: 69a2ebd8-6f5a-4c59-bd17-5b53ef9f420e
[2026-01-08 10:24:56] Returning value: TRUE
[2026-01-08 10:24:56] Returning value: FALSE
[2026-01-08 10:24:56] Returning value: TRUE
[2026-01-08 10:24:56] Returning value: 1
 [2026-01-08 10:24:56] Returning value: 3
[2026-01-08 10:24:56] Returning value: 69a2ebd8-6f5a-4c59-bd17-5b53ef9f420e
[2026-01-08 10:24:56] Rank info: Executing rank 1/3
[2026-01-08 10:24:56] Returning value: TRUE
[2026-01-08 10:24:56] Returning value: 2
 [2026-01-08 10:24:56] Returning value: 3
[2026-01-08 10:24:56] Returning value: 69a2ebd8-6f5a-4c59-bd17-5b53ef9f420e
[2026-01-08 10:24:56] Rank info: Executing rank 2/3
[2026-01-08 10:24:56] Returning value: TRUE
[2026-01-08 10:24:56] Returning value: 3
 [2026-01-08 10:24:56] Returning value: 3
[2026-01-08 10:24:56] Returning value: 69a2ebd8-6f5a-4c59-bd17-5b53ef9f420e
[2026-01-08 10:24:56] Rank info: Executing rank 3/3
[2026-01-08 10:28:07] Returning value: %Y%m%d
[2026-01-08 10:28:08] Returning value: 256e099b-b35d-4089-b555-89b6ca4c6432
[2026-01-08 10:28:08] Returning value: JSON schema validation failed:
1 error validating json:
	- data.InvocationIDFromDate: pattern mismatch

[2026-01-08 10:28:08] Returning value: JSON parsing error
[2026-01-08 10:28:08] Returning value: TRUE
[2026-01-08 10:28:08] Returning value: FALSE
[2026-01-08 10:28:08] Returning value: TRUE
[2026-01-08 10:28:08] Returning value: 1
 [2026-01-08 10:28:08] Returning value: 3
[2026-01-08 10:28:08] Returning value: 256e099b-b35d-4089-b555-89b6ca4c6432
[2026-01-08 10:28:08] Rank info: Executing rank 1/3
[2026-01-08 10:28:08] Returning value: TRUE
[2026-01-08 10:28:08] Returning value: 2
 [2026-01-08 10:28:08] Returning value: 3
[2026-01-08 10:28:08] Returning value: 256e099b-b35d-4089-b555-89b6ca4c6432
[2026-01-08 10:28:08] Rank info: Executing rank 2/3
[2026-01-08 10:28:08] Returning value: TRUE
[2026-01-08 10:28:08] Returning value: 3
 [2026-01-08 10:28:08] Returning value: 3
[2026-01-08 10:28:08] Returning value: 256e099b-b35d-4089-b555-89b6ca4c6432
[2026-01-08 10:28:08] Rank info: Executing rank 3/3
[2026-01-08 10:28:57] Returning value: %Y%m%d
[2026-01-08 10:28:57] Returning value: 3c2fd808-f65f-4d75-bb57-64a151a8c418
[2026-01-08 10:28:57] Returning value: TRUE
[2026-01-08 10:28:57] Returning value: FALSE
[2026-01-08 10:28:57] Returning value: TRUE
[2026-01-08 10:28:57] Returning value: 1
 [2026-01-08 10:28:57] Returning value: 3
[2026-01-08 10:28:57] Returning value: 3c2fd808-f65f-4d75-bb57-64a151a8c418
[2026-01-08 10:28:57] Rank info: Executing rank 1/3
[2026-01-08 10:28:57] Returning value: TRUE
[2026-01-08 10:28:57] Returning value: 2
 [2026-01-08 10:28:57] Returning value: 3
[2026-01-08 10:28:57] Returning value: 3c2fd808-f65f-4d75-bb57-64a151a8c418
[2026-01-08 10:28:57] Rank info: Executing rank 2/3
[2026-01-08 10:28:57] Returning value: TRUE
[2026-01-08 10:28:57] Returning value: 3
 [2026-01-08 10:28:57] Returning value: 3
[2026-01-08 10:28:57] Returning value: 3c2fd808-f65f-4d75-bb57-64a151a8c418
[2026-01-08 10:28:57] Rank info: Executing rank 3/3
[2026-01-08 10:34:09] Returning value: %Y%m%d
[2026-01-08 10:34:09] Returning value: 29e0d860-1497-4571-94fe-2325a1fe9342
[2026-01-08 10:34:09] Returning value: TRUE
[2026-01-08 10:34:09] Returning value: FALSE
[2026-01-08 10:34:09] Returning value: TRUE
[2026-01-08 10:34:09] Returning value: 1
 [2026-01-08 10:34:09] Returning value: 3
[2026-01-08 10:34:09] Returning value: 29e0d860-1497-4571-94fe-2325a1fe9342
[2026-01-08 10:34:09] Rank info: Executing rank 1/3
[2026-01-08 10:34:09] Returning value: TRUE
[2026-01-08 10:34:09] Returning value: 2
 [2026-01-08 10:34:09] Returning value: 3
[2026-01-08 10:34:09] Returning value: 29e0d860-1497-4571-94fe-2325a1fe9342
[2026-01-08 10:34:09] Rank info: Executing rank 2/3
[2026-01-08 10:34:09] Returning value: TRUE
[2026-01-08 10:34:09] Returning value: 3
 [2026-01-08 10:34:09] Returning value: 3
[2026-01-08 10:34:09] Returning value: 29e0d860-1497-4571-94fe-2325a1fe9342
[2026-01-08 10:34:09] Rank info: Executing rank 3/3
[2026-01-08 10:35:04] Returning value: 20260108
[2026-01-08 10:35:04] Returning value: 48ca6a35-a1bb-476b-aad2-e62e91aaad49
[2026-01-08 10:35:05] Returning value: TRUE
[2026-01-08 10:35:05] Returning value: FALSE
[2026-01-08 10:35:05] Returning value: TRUE
[2026-01-08 10:35:05] Returning value: 1
 [2026-01-08 10:35:05] Returning value: 3
[2026-01-08 10:35:05] Returning value: 48ca6a35-a1bb-476b-aad2-e62e91aaad49
[2026-01-08 10:35:05] Rank info: Executing rank 1/3
[2026-01-08 10:35:05] Returning value: TRUE
[2026-01-08 10:35:05] Returning value: 2
 [2026-01-08 10:35:05] Returning value: 3
[2026-01-08 10:35:05] Returning value: 48ca6a35-a1bb-476b-aad2-e62e91aaad49
[2026-01-08 10:35:05] Rank info: Executing rank 2/3
[2026-01-08 10:35:05] Returning value: TRUE
[2026-01-08 10:35:05] Returning value: 3
 [2026-01-08 10:35:05] Returning value: 3
[2026-01-08 10:35:05] Returning value: 48ca6a35-a1bb-476b-aad2-e62e91aaad49
[2026-01-08 10:35:05] Rank info: Executing rank 3/3
[2026-01-08 10:35:49] Returning value: 20260108
[2026-01-08 10:35:49] Returning value: f2ab1088-99a3-4479-af6d-ac636b1f3354
[2026-01-08 10:35:50] Returning value: TRUE
[2026-01-08 10:35:50] Returning value: FALSE
[2026-01-08 10:35:50] Returning value: TRUE
[2026-01-08 10:35:50] Returning value: 1
 [2026-01-08 10:35:50] Returning value: 3
[2026-01-08 10:35:50] Returning value: f2ab1088-99a3-4479-af6d-ac636b1f3354
[2026-01-08 10:35:50] Rank info: Executing rank 1/3
[2026-01-08 10:35:50] Returning value: TRUE
[2026-01-08 10:35:50] Returning value: 2
 [2026-01-08 10:35:50] Returning value: 3
[2026-01-08 10:35:50] Returning value: f2ab1088-99a3-4479-af6d-ac636b1f3354
[2026-01-08 10:35:50] Rank info: Executing rank 2/3
[2026-01-08 10:35:50] Returning value: TRUE
[2026-01-08 10:35:50] Returning value: 3
 [2026-01-08 10:35:50] Returning value: 3
[2026-01-08 10:35:50] Returning value: f2ab1088-99a3-4479-af6d-ac636b1f3354
[2026-01-08 10:35:50] Rank info: Executing rank 3/3
[2026-01-08 10:36:05] Returning value: 20260108
[2026-01-08 10:36:05] Returning value: da2403ef-8023-48f6-998d-ddd645bbff02
[2026-01-08 10:36:05] Returning value: TRUE
[2026-01-08 10:36:05] Returning value: FALSE
[2026-01-08 10:36:05] Returning value: TRUE
[2026-01-08 10:36:05] Returning value: 1
 [2026-01-08 10:36:05] Returning value: 3
[2026-01-08 10:36:05] Returning value: da2403ef-8023-48f6-998d-ddd645bbff02
[2026-01-08 10:36:05] Rank info: Executing rank 1/3
[2026-01-08 10:36:05] Returning value: TRUE
[2026-01-08 10:36:05] Returning value: 2
 [2026-01-08 10:36:05] Returning value: 3
[2026-01-08 10:36:05] Returning value: da2403ef-8023-48f6-998d-ddd645bbff02
[2026-01-08 10:36:05] Rank info: Executing rank 2/3
[2026-01-08 10:36:05] Returning value: TRUE
[2026-01-08 10:36:05] Returning value: 3
 [2026-01-08 10:36:05] Returning value: 3
[2026-01-08 10:36:05] Returning value: da2403ef-8023-48f6-998d-ddd645bbff02
[2026-01-08 10:36:05] Rank info: Executing rank 3/3
[2026-01-08 10:37:12] Returning value: 20260108
[2026-01-08 10:37:13] Returning value: c80694f0-8299-4ea1-b7f4-ad6c36d2a5b6
[2026-01-08 10:37:13] Returning value: TRUE
[2026-01-08 10:37:13] Returning value: FALSE
[2026-01-08 10:37:13] Returning value: TRUE
[2026-01-08 10:37:13] Returning value: 1
 [2026-01-08 10:37:13] Returning value: 3
[2026-01-08 10:37:13] Returning value: c80694f0-8299-4ea1-b7f4-ad6c36d2a5b6
[2026-01-08 10:37:13] Rank info: Executing rank 1/3
[2026-01-08 10:37:13] Returning value: TRUE
[2026-01-08 10:37:13] Returning value: 2
 [2026-01-08 10:37:13] Returning value: 3
[2026-01-08 10:37:13] Returning value: c80694f0-8299-4ea1-b7f4-ad6c36d2a5b6
[2026-01-08 10:37:13] Rank info: Executing rank 2/3
[2026-01-08 10:37:13] Returning value: TRUE
[2026-01-08 10:37:13] Returning value: 3
 [2026-01-08 10:37:13] Returning value: 3
[2026-01-08 10:37:13] Returning value: c80694f0-8299-4ea1-b7f4-ad6c36d2a5b6
[2026-01-08 10:37:13] Rank info: Executing rank 3/3
[2026-01-08 10:38:29] Returning value: 20260108
[2026-01-08 10:38:29] Returning value: 0c06e0c3-830b-4142-81a9-0bb1bfe5747f
[2026-01-08 10:38:29] Returning value: TRUE
[2026-01-08 10:38:29] Returning value: FALSE
[2026-01-08 10:38:29] Returning value: TRUE
[2026-01-08 10:38:30] Returning value: 1
 [2026-01-08 10:38:30] Returning value: 3
[2026-01-08 10:38:30] Returning value: 0c06e0c3-830b-4142-81a9-0bb1bfe5747f
[2026-01-08 10:38:30] Rank info: Executing rank 1/3
[2026-01-08 10:38:30] Returning value: TRUE
[2026-01-08 10:38:30] Returning value: 2
 [2026-01-08 10:38:30] Returning value: 3
[2026-01-08 10:38:30] Returning value: 0c06e0c3-830b-4142-81a9-0bb1bfe5747f
[2026-01-08 10:38:30] Rank info: Executing rank 2/3
[2026-01-08 10:38:30] Returning value: TRUE
[2026-01-08 10:38:30] Returning value: 3
 [2026-01-08 10:38:30] Returning value: 3
[2026-01-08 10:38:30] Returning value: 0c06e0c3-830b-4142-81a9-0bb1bfe5747f
[2026-01-08 10:38:30] Rank info: Executing rank 3/3
[2026-01-08 10:39:50] Returning value: TRUE
[2026-01-08 10:39:50] Returning value: FALSE
[2026-01-08 10:39:50] Returning value: TRUE
[2026-01-08 10:39:50] Returning value: 1
 [2026-01-08 10:39:50] Returning value: 3
[2026-01-08 10:39:50] Returning value: HELLO
[2026-01-08 10:39:50] Rank info: Executing rank 1/3
[2026-01-08 10:39:50] Returning value: TRUE
[2026-01-08 10:39:50] Returning value: 2
 [2026-01-08 10:39:50] Returning value: 3
[2026-01-08 10:39:50] Returning value: HELLO
[2026-01-08 10:39:50] Rank info: Executing rank 2/3
[2026-01-08 10:39:50] Returning value: TRUE
[2026-01-08 10:39:50] Returning value: 3
 [2026-01-08 10:39:50] Returning value: 3
[2026-01-08 10:39:50] Returning value: HELLO
[2026-01-08 10:39:50] Rank info: Executing rank 3/3
[2026-01-08 10:39:59] Returning value: 20260108
[2026-01-08 10:39:59] Returning value: b18fb6fa-d42a-405d-8d6d-03778c1e7e52
[2026-01-08 10:39:59] Returning value: TRUE
[2026-01-08 10:39:59] Returning value: FALSE
[2026-01-08 10:39:59] Returning value: TRUE
[2026-01-08 10:39:59] Returning value: 1
 [2026-01-08 10:39:59] Returning value: 3
[2026-01-08 10:39:59] Returning value: b18fb6fa-d42a-405d-8d6d-03778c1e7e52
[2026-01-08 10:39:59] Rank info: Executing rank 1/3
[2026-01-08 10:39:59] Returning value: TRUE
[2026-01-08 10:39:59] Returning value: 2
 [2026-01-08 10:39:59] Returning value: 3
[2026-01-08 10:39:59] Returning value: b18fb6fa-d42a-405d-8d6d-03778c1e7e52
[2026-01-08 10:39:59] Rank info: Executing rank 2/3
[2026-01-08 10:39:59] Returning value: TRUE
[2026-01-08 10:39:59] Returning value: 3
 [2026-01-08 10:39:59] Returning value: 3
[2026-01-08 10:39:59] Returning value: b18fb6fa-d42a-405d-8d6d-03778c1e7e52
[2026-01-08 10:40:00] Rank info: Executing rank 3/3
[2026-01-08 10:41:46] Returning value: 20260108
[2026-01-08 10:41:46] Returning value: TRUE
[2026-01-08 10:41:46] Returning value: FALSE
[2026-01-08 10:41:46] Returning value: TRUE
[2026-01-08 10:41:46] Returning value: 1
 [2026-01-08 10:41:46] Returning value: 3
[2026-01-08 10:41:46] Returning value: 20260108
[2026-01-08 10:41:46] Rank info: Executing rank 1/3
[2026-01-08 10:41:46] Returning value: TRUE
[2026-01-08 10:41:46] Returning value: 2
 [2026-01-08 10:41:46] Returning value: 3
[2026-01-08 10:41:46] Returning value: 20260108
[2026-01-08 10:41:46] Rank info: Executing rank 2/3
[2026-01-08 10:41:46] Returning value: TRUE
[2026-01-08 10:41:46] Returning value: 3
 [2026-01-08 10:41:46] Returning value: 3
[2026-01-08 10:41:46] Returning value: 20260108
[2026-01-08 10:41:46] Rank info: Executing rank 3/3
[2026-01-08 10:41:50] Returning value: 20260108
[2026-01-08 10:41:50] Returning value: 6fbeaedd-22fb-44cc-a156-94e107903422
[2026-01-08 10:41:51] Returning value: TRUE
[2026-01-08 10:41:51] Returning value: FALSE
[2026-01-08 10:41:51] Returning value: TRUE
[2026-01-08 10:41:51] Returning value: 1
 [2026-01-08 10:41:51] Returning value: 3
[2026-01-08 10:41:51] Returning value: 6fbeaedd-22fb-44cc-a156-94e107903422
[2026-01-08 10:41:51] Rank info: Executing rank 1/3
[2026-01-08 10:41:51] Returning value: TRUE
[2026-01-08 10:41:51] Returning value: 2
 [2026-01-08 10:41:51] Returning value: 3
[2026-01-08 10:41:51] Returning value: 6fbeaedd-22fb-44cc-a156-94e107903422
[2026-01-08 10:41:51] Rank info: Executing rank 2/3
[2026-01-08 10:41:51] Returning value: TRUE
[2026-01-08 10:41:51] Returning value: 3
 [2026-01-08 10:41:51] Returning value: 3
[2026-01-08 10:41:51] Returning value: 6fbeaedd-22fb-44cc-a156-94e107903422
[2026-01-08 10:41:51] Rank info: Executing rank 3/3
[2026-01-08 10:42:44] Returning value: 20260108
[2026-01-08 10:42:44] Returning value: 3ba20b31-a9e1-40cb-8eef-2fe7a522ffe8
[2026-01-08 10:42:44] Returning value: TRUE
[2026-01-08 10:42:44] Returning value: FALSE
[2026-01-08 10:42:44] Returning value: TRUE
[2026-01-08 10:42:44] Returning value: 1
 [2026-01-08 10:42:44] Returning value: 3
[2026-01-08 10:42:44] Returning value: 3ba20b31-a9e1-40cb-8eef-2fe7a522ffe8
[2026-01-08 10:42:44] Rank info: Executing rank 1/3
[2026-01-08 10:42:44] Returning value: TRUE
[2026-01-08 10:42:44] Returning value: 2
 [2026-01-08 10:42:44] Returning value: 3
[2026-01-08 10:42:44] Returning value: 3ba20b31-a9e1-40cb-8eef-2fe7a522ffe8
[2026-01-08 10:42:44] Rank info: Executing rank 2/3
[2026-01-08 10:42:44] Returning value: TRUE
[2026-01-08 10:42:44] Returning value: 3
 [2026-01-08 10:42:44] Returning value: 3
[2026-01-08 10:42:44] Returning value: 3ba20b31-a9e1-40cb-8eef-2fe7a522ffe8
[2026-01-08 10:42:44] Rank info: Executing rank 3/3
[2026-01-08 10:42:56] Returning value: 20260108
[2026-01-08 10:43:12] Returning value: 20260108
[2026-01-08 10:43:30] Returning value: 20260108
[2026-01-08 10:44:54] Returning value: 20260108
[2026-01-08 10:45:07] Returning value: 20260108
[2026-01-08 10:45:39] Returning value: 20260108
[2026-01-08 10:46:30] Returning value: 20260108
[2026-01-08 10:46:30] Returning value: af558f2e-bb0b-41be-9b49-cd1a421cdb35
[2026-01-08 10:46:30] Returning value: TRUE
[2026-01-08 10:46:30] Returning value: FALSE
[2026-01-08 10:46:30] Returning value: TRUE
[2026-01-08 10:46:30] Returning value: 1
 [2026-01-08 10:46:30] Returning value: 3
[2026-01-08 10:46:30] Returning value: af558f2e-bb0b-41be-9b49-cd1a421cdb35
[2026-01-08 10:46:30] Rank info: Executing rank 1/3
[2026-01-08 10:46:30] Returning value: TRUE
[2026-01-08 10:46:31] Returning value: 2
 [2026-01-08 10:46:31] Returning value: 3
[2026-01-08 10:46:31] Returning value: af558f2e-bb0b-41be-9b49-cd1a421cdb35
[2026-01-08 10:46:31] Rank info: Executing rank 2/3
[2026-01-08 10:46:31] Returning value: TRUE
[2026-01-08 10:46:31] Returning value: 3
 [2026-01-08 10:46:31] Returning value: 3
[2026-01-08 10:46:31] Returning value: af558f2e-bb0b-41be-9b49-cd1a421cdb35
[2026-01-08 10:46:31] Rank info: Executing rank 3/3
[2026-01-08 10:46:53] Returning value: 20260108
[2026-01-08 10:46:53] Returning value: 353b9a04-1634-4d3b-8eff-c3ca2f254f40
[2026-01-08 10:46:53] Returning value: TRUE
[2026-01-08 10:46:53] Returning value: FALSE
[2026-01-08 10:46:53] Returning value: TRUE
[2026-01-08 10:46:53] Returning value: 1
 [2026-01-08 10:46:53] Returning value: 3
[2026-01-08 10:46:53] Returning value: 353b9a04-1634-4d3b-8eff-c3ca2f254f40
[2026-01-08 10:46:53] Rank info: Executing rank 1/3
[2026-01-08 10:46:53] Returning value: TRUE
[2026-01-08 10:46:53] Returning value: 2
 [2026-01-08 10:46:53] Returning value: 3
[2026-01-08 10:46:53] Returning value: 353b9a04-1634-4d3b-8eff-c3ca2f254f40
[2026-01-08 10:46:53] Rank info: Executing rank 2/3
[2026-01-08 10:46:53] Returning value: TRUE
[2026-01-08 10:46:53] Returning value: 3
 [2026-01-08 10:46:53] Returning value: 3
[2026-01-08 10:46:53] Returning value: 353b9a04-1634-4d3b-8eff-c3ca2f254f40
[2026-01-08 10:46:53] Rank info: Executing rank 3/3
[2026-01-08 10:47:11] Returning value: 20260108
[2026-01-08 10:47:11] Returning value: b67d04f9-19ac-4deb-a6e0-f91d3f03a3fa
[2026-01-08 10:47:12] Returning value: TRUE
[2026-01-08 10:47:12] Returning value: FALSE
[2026-01-08 10:47:12] Returning value: TRUE
[2026-01-08 10:47:12] Returning value: 1
 [2026-01-08 10:47:12] Returning value: 3
[2026-01-08 10:47:12] Returning value: b67d04f9-19ac-4deb-a6e0-f91d3f03a3fa
[2026-01-08 10:47:12] Rank info: Executing rank 1/3
[2026-01-08 10:47:12] Returning value: TRUE
[2026-01-08 10:47:12] Returning value: 2
 [2026-01-08 10:47:12] Returning value: 3
[2026-01-08 10:47:12] Returning value: b67d04f9-19ac-4deb-a6e0-f91d3f03a3fa
[2026-01-08 10:47:12] Rank info: Executing rank 2/3
[2026-01-08 10:47:12] Returning value: TRUE
[2026-01-08 10:47:12] Returning value: 3
 [2026-01-08 10:47:12] Returning value: 3
[2026-01-08 10:47:12] Returning value: b67d04f9-19ac-4deb-a6e0-f91d3f03a3fa
[2026-01-08 10:47:12] Rank info: Executing rank 3/3
[2026-01-08 10:47:32] Returning value: 20260108
[2026-01-08 10:47:32] Returning value: TRUE
[2026-01-08 10:47:32] Returning value: FALSE
[2026-01-08 10:47:32] Returning value: TRUE
[2026-01-08 10:47:32] Returning value: 1
 [2026-01-08 10:47:32] Returning value: 3
[2026-01-08 10:47:32] Returning value: 20260108
[2026-01-08 10:47:32] Rank info: Executing rank 1/3
[2026-01-08 10:47:32] Returning value: TRUE
[2026-01-08 10:47:32] Returning value: 2
 [2026-01-08 10:47:32] Returning value: 3
[2026-01-08 10:47:32] Returning value: 20260108
[2026-01-08 10:47:32] Rank info: Executing rank 2/3
[2026-01-08 10:47:32] Returning value: TRUE
[2026-01-08 10:47:32] Returning value: 3
 [2026-01-08 10:47:32] Returning value: 3
[2026-01-08 10:47:32] Returning value: 20260108
[2026-01-08 10:47:32] Rank info: Executing rank 3/3
[2026-01-08 10:49:38] Returning value: 812c5add-26af-4aca-9f6b-ffbb93955985
[2026-01-08 10:49:38] Returning value: TRUE
[2026-01-08 10:49:38] Returning value: FALSE
[2026-01-08 10:49:38] Returning value: TRUE
[2026-01-08 10:49:38] Returning value: 1
 [2026-01-08 10:49:38] Returning value: 3
[2026-01-08 10:49:38] Returning value: 812c5add-26af-4aca-9f6b-ffbb93955985
[2026-01-08 10:49:38] Rank info: Executing rank 1/3
[2026-01-08 10:49:38] Returning value: TRUE
[2026-01-08 10:49:38] Returning value: 2
 [2026-01-08 10:49:38] Returning value: 3
[2026-01-08 10:49:38] Returning value: 812c5add-26af-4aca-9f6b-ffbb93955985
[2026-01-08 10:49:38] Rank info: Executing rank 2/3
[2026-01-08 10:49:38] Returning value: TRUE
[2026-01-08 10:49:38] Returning value: 3
 [2026-01-08 10:49:38] Returning value: 3
[2026-01-08 10:49:38] Returning value: 812c5add-26af-4aca-9f6b-ffbb93955985
[2026-01-08 10:49:38] Rank info: Executing rank 3/3
[2026-01-08 10:50:08] Returning value: c577d96a-14d1-421f-8ffe-6a204a404600
[2026-01-08 10:50:08] Returning value: TRUE
[2026-01-08 10:50:08] Returning value: FALSE
[2026-01-08 10:50:08] Returning value: TRUE
[2026-01-08 10:50:09] Returning value: 1
 [2026-01-08 10:50:09] Returning value: 3
[2026-01-08 10:50:09] Returning value: InvocationID from UUID: 1ea16abd-f51d-4bab-99cf-77454f01b6c1
[2026-01-08 10:50:09] Rank info: Executing rank 1/3
[2026-01-08 10:50:09] Returning value: TRUE
[2026-01-08 10:50:09] Returning value: 2
 [2026-01-08 10:50:09] Returning value: 3
[2026-01-08 10:50:09] Returning value: InvocationID from UUID: 1ea16abd-f51d-4bab-99cf-77454f01b6c1
[2026-01-08 10:50:09] Rank info: Executing rank 2/3
[2026-01-08 10:50:09] Returning value: TRUE
[2026-01-08 10:50:09] Returning value: 3
 [2026-01-08 10:50:09] Returning value: 3
[2026-01-08 10:50:09] Returning value: InvocationID from UUID: 1ea16abd-f51d-4bab-99cf-77454f01b6c1
[2026-01-08 10:50:09] Rank info: Executing rank 3/3
[2026-01-08 10:50:23] Returning value: 20260108
[2026-01-08 10:50:23] Returning value: TRUE
[2026-01-08 10:50:23] Returning value: FALSE
[2026-01-08 10:50:23] Returning value: TRUE
[2026-01-08 10:50:23] Returning value: 1
 [2026-01-08 10:50:23] Returning value: 3
[2026-01-08 10:50:23] Returning value: InvocationID from date: 20260108
[2026-01-08 10:50:23] Rank info: Executing rank 1/3
[2026-01-08 10:50:23] Returning value: TRUE
[2026-01-08 10:50:23] Returning value: 2
 [2026-01-08 10:50:23] Returning value: 3
[2026-01-08 10:50:23] Returning value: InvocationID from date: 20260108
[2026-01-08 10:50:23] Rank info: Executing rank 2/3
[2026-01-08 10:50:23] Returning value: TRUE
[2026-01-08 10:50:23] Returning value: 3
 [2026-01-08 10:50:23] Returning value: 3
[2026-01-08 10:50:23] Returning value: InvocationID from date: 20260108
[2026-01-08 10:50:23] Rank info: Executing rank 3/3
[2026-01-08 10:50:47] Returning value: 20260108
[2026-01-08 10:50:48] Returning value: TRUE
[2026-01-08 10:50:48] Returning value: FALSE
[2026-01-08 10:50:48] Returning value: TRUE
[2026-01-08 10:50:48] Returning value: 1
 [2026-01-08 10:50:48] Returning value: 3
[2026-01-08 10:50:48] Returning value: 20260108
[2026-01-08 10:50:48] Rank info: Executing rank 1/3
[2026-01-08 10:50:48] Returning value: TRUE
[2026-01-08 10:50:48] Returning value: 2
 [2026-01-08 10:50:48] Returning value: 3
[2026-01-08 10:50:48] Returning value: 20260108
[2026-01-08 10:50:48] Rank info: Executing rank 2/3
[2026-01-08 10:50:48] Returning value: TRUE
[2026-01-08 10:50:48] Returning value: 3
 [2026-01-08 10:50:48] Returning value: 3
[2026-01-08 10:50:48] Returning value: 20260108
[2026-01-08 10:50:48] Rank info: Executing rank 3/3
[2026-01-08 11:29:23] Returning value: TRUE
[2026-01-08 11:29:23] Returning value: FALSE
[2026-01-08 11:29:23] Returning value: TRUE
[2026-01-08 11:29:23] Returning value: 1
 [2026-01-08 11:29:23] Returning value: 3
[2026-01-08 11:29:23] Returning value: HELLO
[2026-01-08 11:29:23] Rank info: Executing rank 1/3
[2026-01-08 11:29:23] Returning value: TRUE
[2026-01-08 11:29:23] Returning value: 2
 [2026-01-08 11:29:23] Returning value: 3
[2026-01-08 11:29:23] Returning value: HELLO
[2026-01-08 11:29:23] Rank info: Executing rank 2/3
[2026-01-08 11:29:23] Returning value: TRUE
[2026-01-08 11:29:23] Returning value: 3
 [2026-01-08 11:29:23] Returning value: 3
[2026-01-08 11:29:23] Returning value: HELLO
[2026-01-08 11:29:23] Rank info: Executing rank 3/3
[2026-01-08 11:29:48] Returning value: TRUE
[2026-01-08 11:29:48] Returning value: FALSE
[2026-01-08 11:29:48] Returning value: TRUE
[2026-01-08 11:29:48] Returning value: 1
 [2026-01-08 11:29:48] Returning value: 3
[2026-01-08 11:29:48] Returning value: HELLO
[2026-01-08 11:29:48] Rank info: Executing rank 1/3
[2026-01-08 11:29:48] Returning value: TRUE
[2026-01-08 11:29:48] Returning value: 2
 [2026-01-08 11:29:48] Returning value: 3
[2026-01-08 11:29:48] Returning value: HELLO
[2026-01-08 11:29:48] Rank info: Executing rank 2/3
[2026-01-08 11:29:48] Returning value: TRUE
[2026-01-08 11:29:48] Returning value: 3
 [2026-01-08 11:29:48] Returning value: 3
[2026-01-08 11:29:48] Returning value: HELLO
[2026-01-08 11:29:48] Rank info: Executing rank 3/3
[2026-01-08 11:30:18] Returning value: TRUE
[2026-01-08 11:30:18] Returning value: FALSE
[2026-01-08 11:30:18] Returning value: TRUE
[2026-01-08 11:30:18] Returning value: 1
 [2026-01-08 11:30:18] Returning value: 3
[2026-01-08 11:30:18] Returning value: HELLO
[2026-01-08 11:30:18] Rank info: Executing rank 1/3
[2026-01-08 11:30:18] Returning value: TRUE
[2026-01-08 11:30:18] Returning value: 2
 [2026-01-08 11:30:18] Returning value: 3
[2026-01-08 11:30:18] Returning value: HELLO
[2026-01-08 11:30:18] Rank info: Executing rank 2/3
[2026-01-08 11:30:18] Returning value: TRUE
[2026-01-08 11:30:18] Returning value: 3
 [2026-01-08 11:30:18] Returning value: 3
[2026-01-08 11:30:18] Returning value: HELLO
[2026-01-08 11:30:18] Rank info: Executing rank 3/3
[2026-01-08 11:31:38] Returning value: 20260108
[2026-01-08 11:31:51] Returning value: TRUE
[2026-01-08 11:31:51] Returning value: FALSE
[2026-01-08 11:31:51] Returning value: TRUE
[2026-01-08 11:31:51] Returning value: 1
 [2026-01-08 11:31:51] Returning value: 3
[2026-01-08 11:31:51] Returning value: HELLO
[2026-01-08 11:31:51] Rank info: Executing rank 1/3
[2026-01-08 11:31:51] Returning value: TRUE
[2026-01-08 11:31:51] Returning value: 2
 [2026-01-08 11:31:51] Returning value: 3
[2026-01-08 11:31:51] Returning value: HELLO
[2026-01-08 11:31:51] Rank info: Executing rank 2/3
[2026-01-08 11:31:51] Returning value: TRUE
[2026-01-08 11:31:51] Returning value: 3
 [2026-01-08 11:31:51] Returning value: 3
[2026-01-08 11:31:51] Returning value: HELLO
[2026-01-08 11:31:51] Rank info: Executing rank 3/3
